#
# There is insufficient memory for the Java Runtime Environment to continue.
# Native memory allocation (mmap) failed to map 199229440 bytes for G1 virtual space
# Possible reasons:
#   The system is out of physical RAM or swap space
#   The process is running with CompressedOops enabled, and the Java Heap may be blocking the growth of the native heap
# Possible solutions:
#   Reduce memory load on the system
#   Increase physical memory or swap space
#   Check if swap backing store is full
#   Decrease Java heap size (-Xmx/-Xms)
#   Decrease number of Java threads
#   Decrease Java thread stack sizes (-Xss)
#   Set larger code cache with -XX:ReservedCodeCacheSize=
#   JVM is running with Zero Based Compressed Oops mode in which the Java heap is
#     placed in the first 32GB address space. The Java Heap base address is the
#     maximum limit for the native heap growth. Please use -XX:HeapBaseMinAddress
#     to set the Java Heap base and to place the Java Heap above 32GB virtual address.
# This output file may be truncated or incomplete.
#
#  Out of Memory Error (os_windows.cpp:3527), pid=6076, tid=14676
#
# JRE version:  (19.0+36) (build )
# Java VM: Java HotSpot(TM) 64-Bit Server VM (19+36-2238, mixed mode, sharing, tiered, compressed oops, compressed class ptrs, g1 gc, windows-amd64)
# No core dump will be written. Minidumps are not enabled by default on client versions of Windows
#

---------------  S U M M A R Y ------------

Command Line: Controller.Puzzles

Host: Intel(R) Core(TM) i3-7100U CPU @ 2.40GHz, 4 cores, 11G,  Windows 10 , 64 bit Build 19041 (10.0.19041.2913)
Time: Wed May 17 11:53:53 2023 Sri Lanka Standard Time elapsed time: 0.020090 seconds (0d 0h 0m 0s)

---------------  T H R E A D  ---------------

Current thread (0x00000251d866b170):  JavaThread "Unknown thread" [_thread_in_vm, id=14676, stack(0x0000008688400000,0x0000008688500000)]

Stack: [0x0000008688400000,0x0000008688500000]
Native frames: (J=compiled Java code, j=interpreted, Vv=VM code, C=native code)
V  [jvm.dll+0x6ee8fa]
V  [jvm.dll+0x857a1e]
V  [jvm.dll+0x85940e]
V  [jvm.dll+0x859ac3]
V  [jvm.dll+0x28291f]
V  [jvm.dll+0x6eb6e9]
V  [jvm.dll+0x6e028a]
V  [jvm.dll+0x357136]
V  [jvm.dll+0x35eb96]
V  [jvm.dll+0x3b555e]
V  [jvm.dll+0x3b578f]
V  [jvm.dll+0x32c6ea]
V  [jvm.dll+0x32d59e]
V  [jvm.dll+0x821b20]
V  [jvm.dll+0x3c27c1]
V  [jvm.dll+0x8022f1]
V  [jvm.dll+0x44b30f]
V  [jvm.dll+0x44cc91]
C  [jli.dll+0x5287]
C  [ucrtbase.dll+0x21bb2]
C  [KERNEL32.DLL+0x17614]
C  [ntdll.dll+0x526a1]


---------------  P R O C E S S  ---------------

Threads class SMR info:
_java_thread_list=0x00007ffc5ff4d048, length=0, elements={
}

Java Threads: ( => current thread )

Other Threads:
  0x00000251d86c8bb0 WorkerThread "GC Thread#0" [stack: 0x0000008688500000,0x0000008688600000] [id=8300]
  0x00000251d86d5ab0 ConcurrentGCThread "G1 Main Marker" [stack: 0x0000008688600000,0x0000008688700000] [id=9824]
  0x00000251d86d7e30 WorkerThread "G1 Conc#0" [stack: 0x0000008688700000,0x0000008688800000] [id=4444]

[error occurred during error reporting (printing all threads), id 0xc0000005, EXCEPTION_ACCESS_VIOLATION (0xc0000005) at pc=0x00007ffc5f70d127]

VM state: not at safepoint (not fully initialized)

VM Mutex/Monitor currently owned by a thread:  ([mutex/lock_event])
[0x00000251d8666280] Heap_lock - owner thread: 0x00000251d866b170

Heap address: 0x0000000742000000, size: 3040 MB, Compressed Oops mode: Zero based, Oop shift amount: 3

CDS archive(s) mapped at: [0x0000000000000000-0x0000000000000000-0x0000000000000000), size 0, SharedBaseAddress: 0x0000000800000000, ArchiveRelocationMode: 0.
Narrow klass base: 0x0000000000000000, Narrow klass shift: 0, Narrow klass range: 0x0

GC Precious Log:
 CardTable entry size: 512
 Card Set container configuration: InlinePtr #cards 4 size 8 Array Of Cards #cards 8 size 32 Howl #buckets 8 coarsen threshold 3686 Howl Bitmap #cards 512 size 80 coarsen threshold 460 Card regions per heap region 1 cards per card region 4096

Heap:
 garbage-first heap   total 0K, used 0K [0x0000000742000000, 0x0000000800000000)
  region size 2048K, 0 young (0K), 0 survivors (0K)

[error occurred during error reporting (printing heap information), id 0xc0000005, EXCEPTION_ACCESS_VIOLATION (0xc0000005) at pc=0x00007ffc5fb16959]

GC Heap History (0 events):
No events

Dll operation events (1 events):
Event: 0.011 Loaded shared library C:\Program Files\Java\jdk-19\bin\java.dll

Deoptimization events (0 events):
No events

Classes loaded (0 events):
No events

Classes unloaded (0 events):
No events

Classes redefined (0 events):
No events

Internal exceptions (0 events):
No events

VM Operations (0 events):
No events

Events (0 events):
No events


Dynamic libraries:
0x00007ff71bfa0000 - 0x00007ff71bfb0000 	C:\Program Files\Java\jdk-19\bin\java.exe
0x00007ffccee30000 - 0x00007ffccf028000 	C:\WINDOWS\SYSTEM32\ntdll.dll
0x00007ffcce220000 - 0x00007ffcce2df000 	C:\WINDOWS\System32\KERNEL32.DLL
0x00007ffccc750000 - 0x00007ffccca46000 	C:\WINDOWS\System32\KERNELBASE.dll
0x00007ffcccb70000 - 0x00007ffcccc70000 	C:\WINDOWS\System32\ucrtbase.dll
0x00007ffcc6c00000 - 0x00007ffcc6c18000 	C:\Program Files\Java\jdk-19\bin\jli.dll
0x00007ffcc7fb0000 - 0x00007ffcc7fcb000 	C:\Program Files\Java\jdk-19\bin\VCRUNTIME140.dll
0x00007ffccd490000 - 0x00007ffccd53f000 	C:\WINDOWS\System32\ADVAPI32.dll
0x00007ffccd340000 - 0x00007ffccd3de000 	C:\WINDOWS\System32\msvcrt.dll
0x00007ffccd3e0000 - 0x00007ffccd47c000 	C:\WINDOWS\System32\sechost.dll
0x00007ffccdf50000 - 0x00007ffcce076000 	C:\WINDOWS\System32\RPCRT4.dll
0x00007ffccea00000 - 0x00007ffcceb9d000 	C:\WINDOWS\System32\USER32.dll
0x00007ffcccce0000 - 0x00007ffcccd02000 	C:\WINDOWS\System32\win32u.dll
0x00007ffccecb0000 - 0x00007ffccecdc000 	C:\WINDOWS\System32\GDI32.dll
0x00007ffccca50000 - 0x00007ffcccb65000 	C:\WINDOWS\System32\gdi32full.dll
0x00007ffcb0b60000 - 0x00007ffcb0dfa000 	C:\WINDOWS\WinSxS\amd64_microsoft.windows.common-controls_6595b64144ccf1df_6.0.19041.1110_none_60b5254171f9507e\COMCTL32.dll
0x00007ffcccd10000 - 0x00007ffcccdad000 	C:\WINDOWS\System32\msvcp_win.dll
0x00007ffcc4510000 - 0x00007ffcc451a000 	C:\WINDOWS\SYSTEM32\VERSION.dll
0x00007ffccec20000 - 0x00007ffccec50000 	C:\WINDOWS\System32\IMM32.DLL
0x00007ffcc9180000 - 0x00007ffcc918c000 	C:\Program Files\Java\jdk-19\bin\vcruntime140_1.dll
0x00007ffc8d060000 - 0x00007ffc8d0ee000 	C:\Program Files\Java\jdk-19\bin\msvcp140.dll
0x00007ffc5f3d0000 - 0x00007ffc60090000 	C:\Program Files\Java\jdk-19\bin\server\jvm.dll
0x00007ffcb2b50000 - 0x00007ffcb2b77000 	C:\WINDOWS\SYSTEM32\WINMM.dll
0x00007ffcae0c0000 - 0x00007ffcae0c9000 	C:\WINDOWS\SYSTEM32\WSOCK32.dll
0x00007ffcce1b0000 - 0x00007ffcce21b000 	C:\WINDOWS\System32\WS2_32.dll
0x00007ffcca3d0000 - 0x00007ffcca3e2000 	C:\WINDOWS\SYSTEM32\kernel.appcore.dll
0x00007ffcc7f90000 - 0x00007ffcc7f9a000 	C:\Program Files\Java\jdk-19\bin\jimage.dll
0x00007ffcb86b0000 - 0x00007ffcb8894000 	C:\WINDOWS\SYSTEM32\DBGHELP.DLL
0x00007ffcb7ba0000 - 0x00007ffcb7bd4000 	C:\WINDOWS\SYSTEM32\dbgcore.DLL
0x00007ffccce00000 - 0x00007ffccce82000 	C:\WINDOWS\System32\bcryptPrimitives.dll
0x00007ffcae390000 - 0x00007ffcae3b6000 	C:\Program Files\Java\jdk-19\bin\java.dll

dbghelp: loaded successfully - version: 4.0.5 - missing functions: none
symbol engine: initialized successfully - sym options: 0x614 - pdb path: .;C:\Program Files\Java\jdk-19\bin;C:\WINDOWS\SYSTEM32;C:\WINDOWS\WinSxS\amd64_microsoft.windows.common-controls_6595b64144ccf1df_6.0.19041.1110_none_60b5254171f9507e;C:\Program Files\Java\jdk-19\bin\server

VM Arguments:
java_command: Controller.Puzzles
java_class_path (initial): C:\Users\Hadaragama\Documents\NetBeansProjects\Puzzles\target\classes;C:\Users\Hadaragama\.m2\repository\mysql\mysql-connector-java\8.0.26\mysql-connector-java-8.0.26.jar;C:\Users\Hadaragama\.m2\repository\com\google\protobuf\protobuf-java\3.11.4\protobuf-java-3.11.4.jar;C:\Users\Hadaragama\.m2\repository\org\netbeans\external\AbsoluteLayout\RELEASE150\AbsoluteLayout-RELEASE150.jar
Launcher Type: SUN_STANDARD

[Global flags]
     intx CICompilerCount                          = 3                                         {product} {ergonomic}
     uint ConcGCThreads                            = 1                                         {product} {ergonomic}
     uint G1ConcRefinementThreads                  = 4                                         {product} {ergonomic}
   size_t G1HeapRegionSize                         = 2097152                                   {product} {ergonomic}
    uintx GCDrainStackTargetSize                   = 64                                        {product} {ergonomic}
   size_t InitialHeapSize                          = 199229440                                 {product} {ergonomic}
   size_t MarkStackSize                            = 4194304                                   {product} {ergonomic}
   size_t MaxHeapSize                              = 3187671040                                {product} {ergonomic}
   size_t MinHeapDeltaBytes                        = 2097152                                   {product} {ergonomic}
   size_t MinHeapSize                              = 8388608                                   {product} {ergonomic}
    uintx NonNMethodCodeHeapSize                   = 5832780                                {pd product} {ergonomic}
    uintx NonProfiledCodeHeapSize                  = 122912730                              {pd product} {ergonomic}
    uintx ProfiledCodeHeapSize                     = 122912730                              {pd product} {ergonomic}
    uintx ReservedCodeCacheSize                    = 251658240                              {pd product} {ergonomic}
     bool SegmentedCodeCache                       = true                                      {product} {ergonomic}
   size_t SoftMaxHeapSize                          = 3187671040                             {manageable} {ergonomic}
     bool UseCompressedClassPointers               = true                           {product lp64_product} {ergonomic}
     bool UseCompressedOops                        = true                           {product lp64_product} {ergonomic}
     bool UseG1GC                                  = true                                      {product} {ergonomic}
     bool UseLargePagesIndividualAllocation        = false                                  {pd product} {ergonomic}

Logging:
Log output configuration:
 #0: stdout all=warning uptime,level,tags foldmultilines=false
 #1: stderr all=off uptime,level,tags foldmultilines=false

Environment Variables:
JAVA_HOME=C:\Program Files\Java\jdk-19
PATH=C:\Program Files (x86)\NVIDIA Corporation\PhysX\Common;C:\Program Files\Java\jdk-19\bin;C:\oracle_19c\WINDOWS.X64_193000_db_home\bin;C:\oracle_19c\bin;C:\Program Files (x86)\Common Files\Oracle\Java\javapath;C:\WINDOWS\system32;C:\WINDOWS;C:\WINDOWS\System32\Wbem;C:\WINDOWS\System32\WindowsPowerShell\v1.0\;C:\WINDOWS\System32\OpenSSH\;C:\Program Files\Java\jdk1.8.0_311\bin;C:\Program Files (x86)\Microsoft SQL Server\150\DTS\Binn\;C:\Program Files\Azure Data Studio\bin;C:\Program Files\Microsoft SQL Server\Client SDK\ODBC\170\Tools\Binn\;C:\Program Files (x86)\Microsoft SQL Server\150\Tools\Binn\;C:\Program Files\Microsoft SQL Server\150\Tools\Binn\;C:\Program Files\Microsoft SQL Server\150\DTS\Binn\;C:\Kotlinc\kotlinc\bin;C:\apache-tomcat-8.0.44\bin;F:\SoftawareFiles\Git\cmd;C:\Users\Hadaragama\AppData\Local\Microsoft\WindowsApps;C:\Program Files\Azure Data Studio\bin;C:\Users\Hadaragama\AppData\Local\Programs\Microsoft VS Code\bin;C:\Users\Hadaragama\AppData\Local\GitHubDesktop\bin
USERNAME=Hadaragama
OS=Windows_NT
PROCESSOR_IDENTIFIER=Intel64 Family 6 Model 142 Stepping 9, GenuineIntel
TMP=C:\Users\HADARA~1\AppData\Local\Temp
TEMP=C:\Users\HADARA~1\AppData\Local\Temp



---------------  S Y S T E M  ---------------

OS:
 Windows 10 , 64 bit Build 19041 (10.0.19041.2913)
OS uptime: 4 days 1:55 hours

CPU: total 4 (initial active 4) (2 cores per cpu, 2 threads per core) family 6 model 142 stepping 9 microcode 0xb4, cx8, cmov, fxsr, ht, mmx, 3dnowpref, sse, sse2, sse3, ssse3, sse4.1, sse4.2, popcnt, lzcnt, tsc, tscinvbit, avx, avx2, aes, erms, clmul, bmi1, bmi2, adx, fma, vzeroupper, clflush, clflushopt, rdtscp

Memory: 4k page, system-wide physical 12156M (3140M free)
TotalPageFile size 27324M (AvailPageFile size 106M)
current process WorkingSet (physical memory assigned to process): 10M, peak: 10M
current process commit charge ("private bytes"): 52M, peak: 241M

vm_info: Java HotSpot(TM) 64-Bit Server VM (19+36-2238) for windows-amd64 JRE (19+36-2238), built on 2022-08-12T20:29:01Z by "mach5one" with MS VC++ 17.1 (VS2022)

END.
